# JRE version: OpenJDK Runtime Environment (17.0.6) (build 17.0.6+0-b2043.56-10027231)
# Java VM: OpenJDK 64-Bit Server VM (17.0.6+0-b2043.56-10027231, mixed mode, tiered, compressed oops, compressed class ptrs, g1 gc, windows-amd64)
GC Precious Log:
 CPUs: 2 total, 2 available
 Memory: 3737M
 Large Page Support: Disabled
 NUMA Support: Disabled
 Compressed Oops: Enabled (32-bit)
 Heap Region Size: 1M
 Heap Min Capacity: 8M
 Heap Initial Capacity: 60M
 Heap Max Capacity: 936M
 Pre-touch: Disabled
 Parallel Workers: 2
 Concurrent Workers: 1
 Concurrent Refinement Workers: 2
 Periodic GC: Disabled
Heap:
 garbage-first heap   total 81920K, used 48031K [0x00000000c5800000, 0x0000000100000000)
  region size 1024K, 14 young (14336K), 4 survivors (4096K)
 Metaspace       used 56087K, committed 56320K, reserved 1105920K
  class space    used 6581K, committed 6720K, reserved 1048576K
GC Heap History (20 events):
Event: 12.743 GC heap before
{Heap before GC invocations=7 (full 0):
 garbage-first heap   total 39936K, used 29944K [0x00000000c5800000, 0x0000000100000000)
  region size 1024K, 14 young (14336K), 1 survivors (1024K)
 Metaspace       used 31330K, committed 31616K, reserved 1081344K
  class space    used 3771K, committed 3904K, reserved 1048576K
}
Event: 12.749 GC heap after
{Heap after GC invocations=8 (full 0):
 garbage-first heap   total 39936K, used 17616K [0x00000000c5800000, 0x0000000100000000)
  region size 1024K, 2 young (2048K), 2 survivors (2048K)
 Metaspace       used 31330K, committed 31616K, reserved 1081344K
  class space    used 3771K, committed 3904K, reserved 1048576K
}
Event: 14.681 GC heap before
{Heap before GC invocations=8 (full 0):
 garbage-first heap   total 39936K, used 31952K [0x00000000c5800000, 0x0000000100000000)
  region size 1024K, 14 young (14336K), 2 survivors (2048K)
 Metaspace       used 32389K, committed 32640K, reserved 1081344K
  class space    used 4069K, committed 4160K, reserved 1048576K
}
Event: 14.693 GC heap after
{Heap after GC invocations=9 (full 0):
 garbage-first heap   total 39936K, used 22643K [0x00000000c5800000, 0x0000000100000000)
  region size 1024K, 2 young (2048K), 2 survivors (2048K)
 Metaspace       used 32389K, committed 32640K, reserved 1081344K
  class space    used 4069K, committed 4160K, reserved 1048576K
}
Event: 15.071 GC heap before
{Heap before GC invocations=9 (full 0):
 garbage-first heap   total 39936K, used 29811K [0x00000000c5800000, 0x0000000100000000)
  region size 1024K, 9 young (9216K), 2 survivors (2048K)
 Metaspace       used 34600K, committed 34880K, reserved 1081344K
  class space    used 4354K, committed 4480K, reserved 1048576K
}
Event: 15.077 GC heap after
{Heap after GC invocations=10 (full 0):
 garbage-first heap   total 39936K, used 23176K [0x00000000c5800000, 0x0000000100000000)
  region size 1024K, 1 young (1024K), 1 survivors (1024K)
 Metaspace       used 34600K, committed 34880K, reserved 1081344K
  class space    used 4354K, committed 4480K, reserved 1048576K
}
Event: 15.447 GC heap before
{Heap before GC invocations=11 (full 0):
 garbage-first heap   total 43008K, used 30344K [0x00000000c5800000, 0x0000000100000000)
  region size 1024K, 8 young (8192K), 1 survivors (1024K)
 Metaspace       used 35993K, committed 36224K, reserved 1081344K
  class space    used 4515K, committed 4608K, reserved 1048576K
}
Event: 15.451 GC heap after
{Heap after GC invocations=12 (full 0):
 garbage-first heap   total 43008K, used 24293K [0x00000000c5800000, 0x0000000100000000)
  region size 1024K, 1 young (1024K), 1 survivors (1024K)
 Metaspace       used 35993K, committed 36224K, reserved 1081344K
  class space    used 4515K, committed 4608K, reserved 1048576K
}
Event: 15.873 GC heap before
{Heap before GC invocations=12 (full 0):
 garbage-first heap   total 43008K, used 32485K [0x00000000c5800000, 0x0000000100000000)
  region size 1024K, 9 young (9216K), 1 survivors (1024K)
 Metaspace       used 37431K, committed 37696K, reserved 1089536K
  class space    used 4682K, committed 4800K, reserved 1048576K
}
Event: 15.880 GC heap after
{Heap after GC invocations=13 (full 0):
 garbage-first heap   total 86016K, used 23552K [0x00000000c5800000, 0x0000000100000000)
  region size 1024K, 2 young (2048K), 2 survivors (2048K)
 Metaspace       used 37431K, committed 37696K, reserved 1089536K
  class space    used 4682K, committed 4800K, reserved 1048576K
}
Event: 18.920 GC heap before
{Heap before GC invocations=14 (full 0):
 garbage-first heap   total 81920K, used 58368K [0x00000000c5800000, 0x0000000100000000)
  region size 1024K, 36 young (36864K), 2 survivors (2048K)
 Metaspace       used 45588K, committed 45824K, reserved 1089536K
  class space    used 5471K, committed 5568K, reserved 1048576K
}
Event: 18.936 GC heap after
{Heap after GC invocations=15 (full 0):
 garbage-first heap   total 81920K, used 26601K [0x00000000c5800000, 0x0000000100000000)
  region size 1024K, 5 young (5120K), 5 survivors (5120K)
 Metaspace       used 45588K, committed 45824K, reserved 1089536K
  class space    used 5471K, committed 5568K, reserved 1048576K
}
Event: 19.034 GC heap before
{Heap before GC invocations=15 (full 0):
 garbage-first heap   total 81920K, used 27625K [0x00000000c5800000, 0x0000000100000000)
  region size 1024K, 6 young (6144K), 5 survivors (5120K)
 Metaspace       used 45864K, committed 46080K, reserved 1097728K
  class space    used 5509K, committed 5568K, reserved 1048576K
}
Event: 19.048 GC heap after
{Heap after GC invocations=16 (full 0):
 garbage-first heap   total 81920K, used 27069K [0x00000000c5800000, 0x0000000100000000)
  region size 1024K, 1 young (1024K), 1 survivors (1024K)
 Metaspace       used 45864K, committed 46080K, reserved 1097728K
  class space    used 5509K, committed 5568K, reserved 1048576K
}
Event: 22.455 GC heap before
{Heap before GC invocations=16 (full 0):
 garbage-first heap   total 81920K, used 60861K [0x00000000c5800000, 0x0000000100000000)
  region size 1024K, 31 young (31744K), 1 survivors (1024K)
 Metaspace       used 50713K, committed 51008K, reserved 1097728K
  class space    used 6082K, committed 6208K, reserved 1048576K
}
Event: 22.468 GC heap after
{Heap after GC invocations=17 (full 0):
 garbage-first heap   total 81920K, used 33175K [0x00000000c5800000, 0x0000000100000000)
  region size 1024K, 4 young (4096K), 4 survivors (4096K)
 Metaspace       used 50713K, committed 51008K, reserved 1097728K
  class space    used 6082K, committed 6208K, reserved 1048576K
}
Event: 25.571 GC heap before
{Heap before GC invocations=17 (full 0):
 garbage-first heap   total 81920K, used 59799K [0x00000000c5800000, 0x0000000100000000)
  region size 1024K, 30 young (30720K), 4 survivors (4096K)
 Metaspace       used 51134K, committed 51456K, reserved 1097728K
  class space    used 6114K, committed 6272K, reserved 1048576K
}
Event: 25.583 GC heap after
{Heap after GC invocations=18 (full 0):
 garbage-first heap   total 81920K, used 34415K [0x00000000c5800000, 0x0000000100000000)
  region size 1024K, 2 young (2048K), 2 survivors (2048K)
 Metaspace       used 51134K, committed 51456K, reserved 1097728K
  class space    used 6114K, committed 6272K, reserved 1048576K
}
Event: 35.575 GC heap before
{Heap before GC invocations=18 (full 0):
 garbage-first heap   total 81920K, used 61039K [0x00000000c5800000, 0x0000000100000000)
  region size 1024K, 28 young (28672K), 2 survivors (2048K)
 Metaspace       used 55579K, committed 55872K, reserved 1105920K
  class space    used 6561K, committed 6720K, reserved 1048576K
}
Event: 35.592 GC heap after
{Heap after GC invocations=19 (full 0):
 garbage-first heap   total 81920K, used 38815K [0x00000000c5800000, 0x0000000100000000)
  region size 1024K, 4 young (4096K), 4 survivors (4096K)
 Metaspace       used 55579K, committed 55872K, reserved 1105920K
  class space    used 6561K, committed 6720K, reserved 1048576K
}

